<?xml version="1.0" encoding="UTF-8"?>
<testsuite xmlns:xsi="http://www.w3.org/2001/XMLSchema-instance" xsi:noNamespaceSchemaLocation="https://maven.apache.org/surefire/maven-surefire-plugin/xsd/surefire-test-report.xsd" name="runners.MyRunner" time="561.839" tests="43" errors="0" skipped="0" failures="0">
  <properties>
    <property name="java.specification.version" value="15"/>
    <property name="sun.cpu.isalist" value="amd64"/>
    <property name="sun.jnu.encoding" value="Cp1252"/>
    <property name="java.class.path" value="C:\Users\TMabusela\Desktop\Submit\SimpleAutomationTest\LetProj\target\test-classes;C:\Users\TMabusela\Desktop\Submit\SimpleAutomationTest\LetProj\target\classes;C:\Users\TMabusela\.m2\repository\junit\junit\4.12\junit-4.12.jar;C:\Users\TMabusela\.m2\repository\org\hamcrest\hamcrest-core\1.3\hamcrest-core-1.3.jar;C:\Users\TMabusela\.m2\repository\org\seleniumhq\selenium\selenium-java\3.11.0\selenium-java-3.11.0.jar;C:\Users\TMabusela\.m2\repository\org\seleniumhq\selenium\selenium-api\3.11.0\selenium-api-3.11.0.jar;C:\Users\TMabusela\.m2\repository\org\seleniumhq\selenium\selenium-chrome-driver\3.11.0\selenium-chrome-driver-3.11.0.jar;C:\Users\TMabusela\.m2\repository\org\seleniumhq\selenium\selenium-edge-driver\3.11.0\selenium-edge-driver-3.11.0.jar;C:\Users\TMabusela\.m2\repository\org\seleniumhq\selenium\selenium-firefox-driver\3.11.0\selenium-firefox-driver-3.11.0.jar;C:\Users\TMabusela\.m2\repository\org\seleniumhq\selenium\selenium-ie-driver\3.11.0\selenium-ie-driver-3.11.0.jar;C:\Users\TMabusela\.m2\repository\org\seleniumhq\selenium\selenium-opera-driver\3.11.0\selenium-opera-driver-3.11.0.jar;C:\Users\TMabusela\.m2\repository\org\seleniumhq\selenium\selenium-remote-driver\3.11.0\selenium-remote-driver-3.11.0.jar;C:\Users\TMabusela\.m2\repository\org\seleniumhq\selenium\selenium-safari-driver\3.11.0\selenium-safari-driver-3.11.0.jar;C:\Users\TMabusela\.m2\repository\org\seleniumhq\selenium\selenium-support\3.11.0\selenium-support-3.11.0.jar;C:\Users\TMabusela\.m2\repository\net\bytebuddy\byte-buddy\1.7.9\byte-buddy-1.7.9.jar;C:\Users\TMabusela\.m2\repository\org\apache\commons\commons-exec\1.3\commons-exec-1.3.jar;C:\Users\TMabusela\.m2\repository\commons-codec\commons-codec\1.10\commons-codec-1.10.jar;C:\Users\TMabusela\.m2\repository\commons-logging\commons-logging\1.2\commons-logging-1.2.jar;C:\Users\TMabusela\.m2\repository\com\google\code\gson\gson\2.8.2\gson-2.8.2.jar;C:\Users\TMabusela\.m2\repository\com\google\guava\guava\23.6-jre\guava-23.6-jre.jar;C:\Users\TMabusela\.m2\repository\com\google\code\findbugs\jsr305\1.3.9\jsr305-1.3.9.jar;C:\Users\TMabusela\.m2\repository\org\checkerframework\checker-compat-qual\2.0.0\checker-compat-qual-2.0.0.jar;C:\Users\TMabusela\.m2\repository\com\google\errorprone\error_prone_annotations\2.1.3\error_prone_annotations-2.1.3.jar;C:\Users\TMabusela\.m2\repository\com\google\j2objc\j2objc-annotations\1.1\j2objc-annotations-1.1.jar;C:\Users\TMabusela\.m2\repository\org\codehaus\mojo\animal-sniffer-annotations\1.14\animal-sniffer-annotations-1.14.jar;C:\Users\TMabusela\.m2\repository\org\apache\httpcomponents\httpclient\4.5.3\httpclient-4.5.3.jar;C:\Users\TMabusela\.m2\repository\org\apache\httpcomponents\httpcore\4.4.6\httpcore-4.4.6.jar;C:\Users\TMabusela\.m2\repository\com\squareup\okhttp3\okhttp\3.9.1\okhttp-3.9.1.jar;C:\Users\TMabusela\.m2\repository\com\squareup\okio\okio\1.13.0\okio-1.13.0.jar;C:\Users\TMabusela\.m2\repository\info\cukes\cucumber-junit\1.2.5\cucumber-junit-1.2.5.jar;C:\Users\TMabusela\.m2\repository\info\cukes\cucumber-core\1.2.5\cucumber-core-1.2.5.jar;C:\Users\TMabusela\.m2\repository\info\cukes\cucumber-html\0.2.3\cucumber-html-0.2.3.jar;C:\Users\TMabusela\.m2\repository\info\cukes\cucumber-jvm-deps\1.0.5\cucumber-jvm-deps-1.0.5.jar;C:\Users\TMabusela\.m2\repository\info\cukes\gherkin\2.12.2\gherkin-2.12.2.jar;C:\Users\TMabusela\.m2\repository\info\cukes\cucumber-java\1.2.5\cucumber-java-1.2.5.jar;C:\Users\TMabusela\.m2\repository\backport-util-concurrent\backport-util-concurrent\3.1\backport-util-concurrent-3.1.jar;"/>
    <property name="java.vm.vendor" value="Oracle Corporation"/>
    <property name="sun.arch.data.model" value="64"/>
    <property name="user.variant" value=""/>
    <property name="java.vendor.url" value="https://java.oracle.com/"/>
    <property name="os.name" value="Windows 10"/>
    <property name="java.vm.specification.version" value="15"/>
    <property name="sun.java.launcher" value="SUN_STANDARD"/>
    <property name="user.country" value="US"/>
    <property name="sun.boot.library.path" value="C:\Program Files\Java\jdk-15.0.1\bin"/>
    <property name="sun.java.command" value="C:\Users\TMABUS~1\AppData\Local\Temp\surefire16647038993420540560\surefirebooter960282515649159524.jar C:\Users\TMabusela\AppData\Local\Temp\surefire16647038993420540560 2021-09-12T12-10-58_511-jvmRun1 surefire9606562725091188268tmp surefire_0985003895896579395tmp"/>
    <property name="jdk.debug" value="release"/>
    <property name="surefire.test.class.path" value="C:\Users\TMabusela\Desktop\Submit\SimpleAutomationTest\LetProj\target\test-classes;C:\Users\TMabusela\Desktop\Submit\SimpleAutomationTest\LetProj\target\classes;C:\Users\TMabusela\.m2\repository\junit\junit\4.12\junit-4.12.jar;C:\Users\TMabusela\.m2\repository\org\hamcrest\hamcrest-core\1.3\hamcrest-core-1.3.jar;C:\Users\TMabusela\.m2\repository\org\seleniumhq\selenium\selenium-java\3.11.0\selenium-java-3.11.0.jar;C:\Users\TMabusela\.m2\repository\org\seleniumhq\selenium\selenium-api\3.11.0\selenium-api-3.11.0.jar;C:\Users\TMabusela\.m2\repository\org\seleniumhq\selenium\selenium-chrome-driver\3.11.0\selenium-chrome-driver-3.11.0.jar;C:\Users\TMabusela\.m2\repository\org\seleniumhq\selenium\selenium-edge-driver\3.11.0\selenium-edge-driver-3.11.0.jar;C:\Users\TMabusela\.m2\repository\org\seleniumhq\selenium\selenium-firefox-driver\3.11.0\selenium-firefox-driver-3.11.0.jar;C:\Users\TMabusela\.m2\repository\org\seleniumhq\selenium\selenium-ie-driver\3.11.0\selenium-ie-driver-3.11.0.jar;C:\Users\TMabusela\.m2\repository\org\seleniumhq\selenium\selenium-opera-driver\3.11.0\selenium-opera-driver-3.11.0.jar;C:\Users\TMabusela\.m2\repository\org\seleniumhq\selenium\selenium-remote-driver\3.11.0\selenium-remote-driver-3.11.0.jar;C:\Users\TMabusela\.m2\repository\org\seleniumhq\selenium\selenium-safari-driver\3.11.0\selenium-safari-driver-3.11.0.jar;C:\Users\TMabusela\.m2\repository\org\seleniumhq\selenium\selenium-support\3.11.0\selenium-support-3.11.0.jar;C:\Users\TMabusela\.m2\repository\net\bytebuddy\byte-buddy\1.7.9\byte-buddy-1.7.9.jar;C:\Users\TMabusela\.m2\repository\org\apache\commons\commons-exec\1.3\commons-exec-1.3.jar;C:\Users\TMabusela\.m2\repository\commons-codec\commons-codec\1.10\commons-codec-1.10.jar;C:\Users\TMabusela\.m2\repository\commons-logging\commons-logging\1.2\commons-logging-1.2.jar;C:\Users\TMabusela\.m2\repository\com\google\code\gson\gson\2.8.2\gson-2.8.2.jar;C:\Users\TMabusela\.m2\repository\com\google\guava\guava\23.6-jre\guava-23.6-jre.jar;C:\Users\TMabusela\.m2\repository\com\google\code\findbugs\jsr305\1.3.9\jsr305-1.3.9.jar;C:\Users\TMabusela\.m2\repository\org\checkerframework\checker-compat-qual\2.0.0\checker-compat-qual-2.0.0.jar;C:\Users\TMabusela\.m2\repository\com\google\errorprone\error_prone_annotations\2.1.3\error_prone_annotations-2.1.3.jar;C:\Users\TMabusela\.m2\repository\com\google\j2objc\j2objc-annotations\1.1\j2objc-annotations-1.1.jar;C:\Users\TMabusela\.m2\repository\org\codehaus\mojo\animal-sniffer-annotations\1.14\animal-sniffer-annotations-1.14.jar;C:\Users\TMabusela\.m2\repository\org\apache\httpcomponents\httpclient\4.5.3\httpclient-4.5.3.jar;C:\Users\TMabusela\.m2\repository\org\apache\httpcomponents\httpcore\4.4.6\httpcore-4.4.6.jar;C:\Users\TMabusela\.m2\repository\com\squareup\okhttp3\okhttp\3.9.1\okhttp-3.9.1.jar;C:\Users\TMabusela\.m2\repository\com\squareup\okio\okio\1.13.0\okio-1.13.0.jar;C:\Users\TMabusela\.m2\repository\info\cukes\cucumber-junit\1.2.5\cucumber-junit-1.2.5.jar;C:\Users\TMabusela\.m2\repository\info\cukes\cucumber-core\1.2.5\cucumber-core-1.2.5.jar;C:\Users\TMabusela\.m2\repository\info\cukes\cucumber-html\0.2.3\cucumber-html-0.2.3.jar;C:\Users\TMabusela\.m2\repository\info\cukes\cucumber-jvm-deps\1.0.5\cucumber-jvm-deps-1.0.5.jar;C:\Users\TMabusela\.m2\repository\info\cukes\gherkin\2.12.2\gherkin-2.12.2.jar;C:\Users\TMabusela\.m2\repository\info\cukes\cucumber-java\1.2.5\cucumber-java-1.2.5.jar;C:\Users\TMabusela\.m2\repository\backport-util-concurrent\backport-util-concurrent\3.1\backport-util-concurrent-3.1.jar;"/>
    <property name="sun.cpu.endian" value="little"/>
    <property name="user.home" value="C:\Users\TMabusela"/>
    <property name="user.language" value="en"/>
    <property name="java.specification.vendor" value="Oracle Corporation"/>
    <property name="java.version.date" value="2020-10-20"/>
    <property name="java.home" value="C:\Program Files\Java\jdk-15.0.1"/>
    <property name="file.separator" value="\"/>
    <property name="basedir" value="C:\Users\TMabusela\Desktop\Submit\SimpleAutomationTest\LetProj"/>
    <property name="java.vm.compressedOopsMode" value="32-bit"/>
    <property name="line.separator" value="&#10;"/>
    <property name="java.specification.name" value="Java Platform API Specification"/>
    <property name="java.vm.specification.vendor" value="Oracle Corporation"/>
    <property name="surefire.real.class.path" value="C:\Users\TMABUS~1\AppData\Local\Temp\surefire16647038993420540560\surefirebooter960282515649159524.jar"/>
    <property name="user.script" value=""/>
    <property name="sun.management.compiler" value="HotSpot 64-Bit Tiered Compilers"/>
    <property name="java.runtime.version" value="15.0.1+9-18"/>
    <property name="user.name" value="tmabusela"/>
    <property name="path.separator" value=";"/>
    <property name="os.version" value="10.0"/>
    <property name="java.runtime.name" value="Java(TM) SE Runtime Environment"/>
    <property name="file.encoding" value="Cp1252"/>
    <property name="java.vm.name" value="Java HotSpot(TM) 64-Bit Server VM"/>
    <property name="localRepository" value="C:\Users\TMabusela\.m2\repository"/>
    <property name="java.vendor.url.bug" value="https://bugreport.java.com/bugreport/"/>
    <property name="java.io.tmpdir" value="C:\Users\TMABUS~1\AppData\Local\Temp\"/>
    <property name="java.version" value="15.0.1"/>
    <property name="user.dir" value="C:\Users\TMabusela\Desktop\Submit\SimpleAutomationTest\LetProj"/>
    <property name="os.arch" value="amd64"/>
    <property name="java.vm.specification.name" value="Java Virtual Machine Specification"/>
    <property name="sun.os.patch.level" value=""/>
    <property name="java.library.path" value="C:\Program Files\Java\jdk-15.0.1\bin;C:\Windows\Sun\Java\bin;C:\Windows\system32;C:\Windows;C:\Program Files\Common Files\Oracle\Java\javapath;C:\Windows\system32;C:\Windows;C:\Windows\System32\Wbem;C:\Windows\System32\WindowsPowerShell\v1.0\;C:\Windows\System32\OpenSSH\;C:\Program Files\nodejs\;C:\Users\TMabusela\AppData\Local\Microsoft\WindowsApps;C:\Users\TMabusela\AppData\Local\Programs\Microsoft VS Code\bin;C:\Users\TMabusela\AppData\Roaming\npm;C:\Users\TMabusela\AppData\Local\Programs\Git\cmd;C:\Users\TMabusela\Desktop\softwares\apache-maven-3.6.3-bin.zip;C:\Users\TMabusela\Desktop\softwares\apache-maven-3.6.3-bin\apache-maven-3.6.3\bin;C:\Program Files\Java\jdk-15.0.1;;."/>
    <property name="java.vm.info" value="mixed mode, sharing"/>
    <property name="java.vendor" value="Oracle Corporation"/>
    <property name="java.vm.version" value="15.0.1+9-18"/>
    <property name="sun.io.unicode.encoding" value="UnicodeLittle"/>
    <property name="java.class.version" value="59.0"/>
  </properties>
  <testcase name="Given that i am on the shopping website" classname="Scenario: add to cart" time="0"/>
  <testcase name="When i log in" classname="Scenario: add to cart" time="0"/>
  <testcase name="And i search for an item" classname="Scenario: add to cart" time="0"/>
  <testcase name="And i can view the item" classname="Scenario: add to cart" time="0"/>
  <testcase name="Then i can add the item to cart" classname="Scenario: add to cart" time="0"/>
  <testcase name="Scenario: add to cart" classname="Scenario: add to cart" time="0"/>
  <testcase name="Given that i am on the site homepage" classname="Scenario: add to wishlist" time="0"/>
  <testcase name="When i select one item" classname="Scenario: add to wishlist" time="0"/>
  <testcase name="Then i can add the item to wishlist" classname="Scenario: add to wishlist" time="0"/>
  <testcase name="Scenario: add to wishlist" classname="Scenario: add to wishlist" time="0"/>
  <testcase name="Given i am shopping on the site" classname="Scenario: Checkout" time="0"/>
  <testcase name="When i login into the site" classname="Scenario: Checkout" time="0"/>
  <testcase name="And i search for that item" classname="Scenario: Checkout" time="0"/>
  <testcase name="And i can view the item searched" classname="Scenario: Checkout" time="0"/>
  <testcase name="And i can add the searched item to cart" classname="Scenario: Checkout" time="0"/>
  <testcase name="Then i can proceed to check out" classname="Scenario: Checkout" time="0"/>
  <testcase name="Scenario: Checkout" classname="Scenario: Checkout" time="0"/>
  <testcase name="Given that i am on the website to shop" classname="Scenario: signing in with wrong login credentials" time="0"/>
  <testcase name="When i will click on the sign in button" classname="Scenario: signing in with wrong login credentials" time="0"/>
  <testcase name="And i fill in the required fields with the wrong credentials" classname="Scenario: signing in with wrong login credentials" time="0"/>
  <testcase name="Then i will not be able sign into the website" classname="Scenario: signing in with wrong login credentials" time="0"/>
  <testcase name="Scenario: signing in with wrong login credentials" classname="Scenario: signing in with wrong login credentials" time="0"/>
  <testcase name="Given i am on the landing page of the site" classname="Scenario: item not found on the site" time="0"/>
  <testcase name="When i click sign in to login" classname="Scenario: item not found on the site" time="0"/>
  <testcase name="And i will search for an item not available on the site" classname="Scenario: item not found on the site" time="0"/>
  <testcase name="Then i can return home" classname="Scenario: item not found on the site" time="0"/>
  <testcase name="Scenario: item not found on the site" classname="Scenario: item not found on the site" time="0"/>
  <testcase name="Given i am on the site" classname="Scenario: Adding Item to wishlist" time="0"/>
  <testcase name="When i will login into the site" classname="Scenario: Adding Item to wishlist" time="0"/>
  <testcase name="And i will return home on the site" classname="Scenario: Adding Item to wishlist" time="0"/>
  <testcase name="And i will select an item" classname="Scenario: Adding Item to wishlist" time="0"/>
  <testcase name="Then i can successfully add the item to my wishlist" classname="Scenario: Adding Item to wishlist" time="0"/>
  <testcase name="Scenario: Adding Item to wishlist" classname="Scenario: Adding Item to wishlist" time="0"/>
  <testcase name="Given i will be on the shopping site" classname="Scenario: Search" time="0"/>
  <testcase name="When i login into the shopping website" classname="Scenario: Search" time="0"/>
  <testcase name="And i will search for a specific item" classname="Scenario: Search" time="0"/>
  <testcase name="Then i can view the that specific item searched" classname="Scenario: Search" time="0"/>
  <testcase name="Scenario: Search" classname="Scenario: Search" time="0"/>
  <testcase name="Given that i am on the website" classname="Scenario: sign in" time="0"/>
  <testcase name="When i click on the sign in button" classname="Scenario: sign in" time="0"/>
  <testcase name="And i fill in the required fields" classname="Scenario: sign in" time="0"/>
  <testcase name="Then i can sign into the website" classname="Scenario: sign in" time="0"/>
  <testcase name="Scenario: sign in" classname="Scenario: sign in" time="0"/>
</testsuite>